proguard.cfg
-optimizationpasses 5
-dontusemixedcaseclassnames
-dontskipnonpubliclibraryclasses
-dontpreverify
-verbose
-optimizations !code/simplification/arithmetic,!field/*,!class/merging/*

#忽略警告 也可以用-ignorewarnings
-dontwarn

#声明第三方jar包,不用管第三方jar包中的.so文件(如果有)

-keep public class * extends android.app.Activity
-keep public class * extends android.app.Application
-keep public class * extends android.app.Service
-keep public class * extends android.content.BroadcastReceiver
-keep public class * extends android.content.ContentProvider
-keep public class * extends android.app.backup.BackupAgentHelper
-keep public class * extends android.preference.Preference
-keep public class com.android.vending.licensing.ILicensingService

-keepclasseswithmembernames class * {
native <methods>;
}

-keepclasseswithmembers class * {
public <init>(android.content.Context, android.util.AttributeSet);
}

-keepclasseswithmembers class * {
public <init>(android.content.Context, android.util.AttributeSet, int);
}

-keepclassmembers class * extends android.app.Activity {
public void *(android.view.View);
}

-keepclassmembers class * {
   public <init>(org.json.JSONObject);
}
-keep public class [net.dx.etutor].R$*{
public static final int *;
}

-keepclassmembers enum * {
public static **[] values();
public static ** valueOf(java.lang.String);
}
-keep class * implements android.os.Parcelable {
public static final android.os.Parcelable$Creator *;
}

#不混淆第三方jar包中的类
-keep class com.baidu.** {*;}
-keep class com.tencent.** {*;}
-keep class vi.com.gdi.bgl.android.**{*;} 



-dontwarn cn.jpush.**
-keep class cn.jpush.** { *; }

-dontwarn com.alipay.**
-keep class com.alipay.** { *; }



-dontwarn android.support.v4.** 
-keep class android.support.v4.** { *; } 
-keep public class * extends android.support.v4.** 
-keep public class * extends android.app.Fragment 