proguard/seeds.txt
net.dx.etutor.activity.CardContralActivity
net.dx.etutor.activity.CardContralActivity: CardContralActivity()
net.dx.etutor.activity.ImageShowActivity
net.dx.etutor.activity.ImageShowActivity: ImageShowActivity()
net.dx.etutor.activity.LocationCityActivity
net.dx.etutor.activity.LocationCityActivity: LocationCityActivity()
net.dx.etutor.activity.MainFragmentActivity
net.dx.etutor.activity.MainFragmentActivity: MainFragmentActivity()
net.dx.etutor.activity.MainFragmentActivity: void logoutOnClick(android.view.View)
net.dx.etutor.activity.MainFragmentActivity: void onClick(android.view.View)
net.dx.etutor.activity.NavigateActivity
net.dx.etutor.activity.NavigateActivity: NavigateActivity()
net.dx.etutor.activity.NavigateActivity: void onClick(android.view.View)
net.dx.etutor.activity.WelcomeActivity
net.dx.etutor.activity.WelcomeActivity: WelcomeActivity()
net.dx.etutor.activity.academy.AcademyListActivity
net.dx.etutor.activity.academy.AcademyListActivity: AcademyListActivity()
net.dx.etutor.activity.academy.AgencyDetailActivity
net.dx.etutor.activity.academy.AgencyDetailActivity: AgencyDetailActivity()
net.dx.etutor.activity.academy.AgencyDetailActivity: void onClick(android.view.View)
net.dx.etutor.activity.academy.CorrectionActivity
net.dx.etutor.activity.academy.CorrectionActivity: CorrectionActivity()
net.dx.etutor.activity.academy.CorrectionActivity: void onClick(android.view.View)
net.dx.etutor.activity.academy.LocationActivity
net.dx.etutor.activity.academy.LocationActivity: LocationActivity()
net.dx.etutor.activity.academy.SchoolDetailActivity
net.dx.etutor.activity.academy.SchoolDetailActivity: SchoolDetailActivity()
net.dx.etutor.activity.academy.SchoolDetailActivity: void onClick(android.view.View)
net.dx.etutor.activity.adapter.CardSortListAdapter$1: void onClick(android.view.View)
net.dx.etutor.activity.adapter.CardSortListAdapter$3: void onClick(android.view.View)
net.dx.etutor.activity.adapter.CardSortListAdapter$4: void onClick(android.view.View)
net.dx.etutor.activity.adapter.CardSortListAdapter$popAction: void onClick(android.view.View)
net.dx.etutor.activity.adapter.EditListAdapter$1: void onClick(android.view.View)
net.dx.etutor.activity.adapter.FirstPostsReplyAdapter$1: void onClick(android.view.View)
net.dx.etutor.activity.adapter.FirstPostsReplyAdapter$2: void onClick(android.view.View)
net.dx.etutor.activity.adapter.FirstPostsReplyAdapter$5: void onClick(android.view.View)
net.dx.etutor.activity.adapter.FirstPostsReplyAdapter$6: void onClick(android.view.View)
net.dx.etutor.activity.adapter.FirstPostsReplyAdapter$7: void onClick(android.view.View)
net.dx.etutor.activity.adapter.FirstPostsReplyAdapter$popAction: void onClick(android.view.View)
net.dx.etutor.activity.adapter.MyAcademyAdapter$1: void onClick(android.view.View)
net.dx.etutor.activity.adapter.MyCollectAdapter$1: void onClick(android.view.View)
net.dx.etutor.activity.adapter.MyCollectAdapter$2: void onClick(android.view.View)
net.dx.etutor.activity.adapter.MyPostsAdapter$1: void onClick(android.view.View)
net.dx.etutor.activity.adapter.MyPostsAdapter$2: void onClick(android.view.View)
net.dx.etutor.activity.adapter.SecondPostsReplyAdapter$1: void onClick(android.view.View)
net.dx.etutor.activity.adapter.SecondPostsReplyAdapter$2: void onClick(android.view.View)
net.dx.etutor.activity.adapter.SecondPostsReplyAdapter$3: void onClick(android.view.View)
net.dx.etutor.activity.adapter.SecondPostsReplyAdapter$5: void onClick(android.view.View)
net.dx.etutor.activity.adapter.SecondPostsReplyAdapter$6: void onClick(android.view.View)
net.dx.etutor.activity.adapter.SecondPostsReplyAdapter$popAction: void onClick(android.view.View)
net.dx.etutor.activity.adapter.TeacherAdapter$1: void onClick(android.view.View)
net.dx.etutor.activity.base.BaseActivity
net.dx.etutor.activity.base.BaseActivity: BaseActivity()
net.dx.etutor.activity.base.BaseActivity$1: void onClick(android.view.View)
...
android.support.v4.graphics.drawable.DrawableCompat$KitKatDrawableImpl
android.support.v4.graphics.drawable.DrawableCompat$KitKatDrawableImpl: DrawableCompat$KitKatDrawableImpl()
android.support.v4.graphics.drawable.DrawableCompat$KitKatDrawableImpl: void setAutoMirrored(android.graphics.drawable.Drawable,boolean)
android.support.v4.graphics.drawable.DrawableCompat$KitKatDrawableImpl: boolean isAutoMirrored(android.graphics.drawable.Drawable)
android.support.v4.graphics.drawable.DrawableCompatHoneycomb
android.support.v4.graphics.drawable.DrawableCompatHoneycomb: DrawableCompatHoneycomb()
android.support.v4.graphics.drawable.DrawableCompatHoneycomb: void jumpToCurrentState(android.graphics.drawable.Drawable)
android.support.v4.graphics.drawable.DrawableCompatKitKat
android.support.v4.graphics.drawable.DrawableCompatKitKat: DrawableCompatKitKat()
android.support.v4.graphics.drawable.DrawableCompatKitKat: void setAutoMirrored(android.graphics.drawable.Drawable,boolean)
android.support.v4.graphics.drawable.DrawableCompatKitKat: boolean isAutoMirrored(android.graphics.drawable.Drawable)
android.support.v4.hardware.display.DisplayManagerCompat
android.support.v4.hardware.display.DisplayManagerCompat: java.util.WeakHashMap sInstances
android.support.v4.hardware.display.DisplayManagerCompat: java.lang.String DISPLAY_CATEGORY_PRESENTATION
android.support.v4.hardware.display.DisplayManagerCompat: DisplayManagerCompat()
android.support.v4.hardware.display.DisplayManagerCompat: android.support.v4.hardware.display.DisplayManagerCompat getInstance(android.content.Context)
android.support.v4.hardware.display.DisplayManagerCompat: android.view.Display getDisplay(int)
android.support.v4.hardware.display.DisplayManagerCompat: android.view.Display[] getDisplays()
android.support.v4.hardware.display.DisplayManagerCompat: android.view.Display[] getDisplays(java.lang.String)
android.support.v4.hardware.display.DisplayManagerCompat: void <clinit>()
android.support.v4.hardware.display.DisplayManagerCompat$JellybeanMr1Impl
android.support.v4.hardware.display.DisplayManagerCompat$JellybeanMr1Impl: java.lang.Object mDisplayManagerObj
android.support.v4.hardware.display.DisplayManagerCompat$JellybeanMr1Impl: DisplayManagerCompat$JellybeanMr1Impl(android.content.Context)
android.support.v4.hardware.display.DisplayManagerCompat$JellybeanMr1Impl: android.view.Display getDisplay(int)
android.support.v4.hardware.display.DisplayManagerCompat$JellybeanMr1Impl: android.view.Display[] getDisplays()
android.support.v4.hardware.display.DisplayManagerCompat$JellybeanMr1Impl: android.view.Display[] getDisplays(java.lang.String)
android.support.v4.hardware.display.DisplayManagerCompat$LegacyImpl
android.support.v4.hardware.display.DisplayManagerCompat$LegacyImpl: android.view.WindowManager mWindowManager
android.support.v4.hardware.display.DisplayManagerCompat$LegacyImpl: DisplayManagerCompat$LegacyImpl(android.content.Context)
android.support.v4.hardware.display.DisplayManagerCompat$LegacyImpl: android.view.Display getDisplay(int)
android.support.v4.hardware.display.DisplayManagerCompat$LegacyImpl: android.view.Display[] getDisplays()
android.support.v4.hardware.display.DisplayManagerCompat$LegacyImpl: android.view.Display[] getDisplays(java.lang.String)
android.support.v4.hardware.display.DisplayManagerJellybeanMr1
android.support.v4.hardware.display.DisplayManagerJellybeanMr1: DisplayManagerJellybeanMr1()
android.support.v4.hardware.display.DisplayManagerJellybeanMr1: java.lang.Object getDisplayManager(android.content.Context)
android.support.v4.hardware.display.DisplayManagerJellybeanMr1: android.view.Display getDisplay(java.lang.Object,int)
android.support.v4.hardware.display.DisplayManagerJellybeanMr1: android.view.Display[] getDisplays(java.lang.Object)
android.support.v4.hardware.display.DisplayManagerJellybeanMr1: android.view.Display[] getDisplays(java.lang.Object,java.lang.String)