proguard/mapping.txt
net.dx.etutor.R -> net.dx.etutor.a:
net.dx.etutor.R$styleable -> net.dx.etutor.b:
    int[] ActionBar -> a
    int[] ActionBarLayout -> b
    int[] ActionBarWindow -> c
    int[] ActionMenuItemView -> d
    int[] ActionMenuView -> e
    int[] ActionMode -> f
    int[] ActivityChooserView -> g
    int[] CompatTextView -> h
    int[] Gallery -> i
    int[] LinearLayoutICS -> j
    int[] MenuGroup -> k
    int[] MenuItem -> l
    int[] MenuView -> m
    int[] PullToRefresh -> n
    int[] SearchView -> o
    int[] Spinner -> p
    int[] SwitchButton -> q
    int[] Theme -> r
    int[] View -> s
    int[] roundedimageview -> t
    void <clinit>() -> <clinit>
net.dx.etutor.activity.CardContralActivity -> net.dx.etutor.activity.CardContralActivity:
    java.util.List userChannelList -> b
    java.util.List startChannelList -> c
    net.dx.etutor.view.listview.DragListView mList -> d
    net.dx.etutor.activity.adapter.EditListAdapter adapter -> e
    android.widget.CompoundButton$OnCheckedChangeListener onCheckedChangeListener -> a
    java.lang.String startCard -> f
    java.lang.String endCard -> g
    boolean isChange -> h
    void <init>() -> <init>
    void initViews() -> a
    void initEvents() -> b
    void iconClick() -> c
    net.dx.etutor.activity.adapter.EditListAdapter access$0(net.dx.etutor.activity.CardContralActivity) -> a
net.dx.etutor.activity.CardContralActivity$1 -> net.dx.etutor.activity.a:
    net.dx.etutor.activity.CardContralActivity this$0 -> a
    void <init>(net.dx.etutor.activity.CardContralActivity) -> <init>
    void onCheckedChanged(android.widget.CompoundButton,boolean) -> onCheckedChanged
net.dx.etutor.activity.ImageShowActivity -> net.dx.etutor.activity.ImageShowActivity:
    java.lang.String TAG -> a
    java.lang.String url -> b
    android.widget.LinearLayout ll_viewArea -> c
    android.widget.LinearLayout$LayoutParams parm -> d
    net.dx.etutor.activity.ImageShowActivity$ViewArea viewArea -> e
    int imgDisplayW -> f
    int imgDisplayH -> g
    int imgW -> h
    int imgH -> i
    void <clinit>() -> <clinit>
    void <init>() -> <init>
    void initViews() -> a
    void initEvents() -> b
    void getUserAvatar$7151db41(net.dx.etutor.view.imageview.TouchImageView) -> a
    void onResume() -> onResume
    void onPause() -> onPause
    void access$0(net.dx.etutor.activity.ImageShowActivity,int) -> a
    void access$1(net.dx.etutor.activity.ImageShowActivity,int) -> b
    int access$2(net.dx.etutor.activity.ImageShowActivity) -> a
    int access$3(net.dx.etutor.activity.ImageShowActivity) -> b
    void access$4(net.dx.etutor.activity.ImageShowActivity,int) -> c
    void access$5(net.dx.etutor.activity.ImageShowActivity,int) -> d
    int access$6(net.dx.etutor.activity.ImageShowActivity) -> c
    int access$7(net.dx.etutor.activity.ImageShowActivity) -> d
    net.dx.etutor.activity.ImageShowActivity$ViewArea access$8(net.dx.etutor.activity.ImageShowActivity) -> e
net.dx.etutor.activity.ImageShowActivity$1 -> net.dx.etutor.activity.b:
    net.dx.etutor.activity.ImageShowActivity this$0 -> a
    net.dx.etutor.view.imageview.TouchImageView val$touchView -> b
    void <init>(net.dx.etutor.activity.ImageShowActivity,net.dx.etutor.view.imageview.TouchImageView) -> <init>
    void onFailure(int,org.apache.http.Header[],byte[],java.lang.Throwable) -> a
    void onSuccess(int,org.apache.http.Header[],byte[]) -> a
net.dx.etutor.activity.ImageShowActivity$ViewArea -> net.dx.etutor.activity.c:
    net.dx.etutor.activity.ImageShowActivity this$0 -> a
    void <init>(net.dx.etutor.activity.ImageShowActivity,android.content.Context) -> <init>
...
com.tencent.stat.StatReportStrategy -> com.tencent.stat.StatReportStrategy:
    com.tencent.stat.StatReportStrategy INSTANT -> INSTANT
    com.tencent.stat.StatReportStrategy ONLY_WIFI -> ONLY_WIFI
    com.tencent.stat.StatReportStrategy BATCH -> BATCH
    com.tencent.stat.StatReportStrategy APP_LAUNCH -> APP_LAUNCH
    com.tencent.stat.StatReportStrategy DEVELOPER -> DEVELOPER
    com.tencent.stat.StatReportStrategy PERIOD -> PERIOD
    com.tencent.stat.StatReportStrategy ONLY_WIFI_NO_CACHE -> ONLY_WIFI_NO_CACHE
    int a -> a
    com.tencent.stat.StatReportStrategy[] b -> b
    com.tencent.stat.StatReportStrategy[] values() -> values
    com.tencent.stat.StatReportStrategy valueOf(java.lang.String) -> valueOf
    void <init>(java.lang.String,int,int) -> <init>
    int a() -> a
    com.tencent.stat.StatReportStrategy getStatReportStrategy(int) -> getStatReportStrategy
    void <clinit>() -> <clinit>
com.tencent.stat.StatService -> com.tencent.stat.StatService:
    android.os.Handler a -> a
    java.util.Map b -> b
    long c -> c
    long d -> d
    int e -> e
    java.lang.String f -> f
    java.lang.String g -> g
    java.util.Map h -> h
    com.tencent.stat.common.StatLogger i -> i
    java.lang.Thread$UncaughtExceptionHandler j -> j
    boolean k -> k
    void <init>() -> <init>
    void a(android.content.Context) -> a
    boolean b(android.content.Context) -> b
    boolean a(java.lang.String) -> a
    android.os.Handler c(android.content.Context) -> c
    org.json.JSONObject a() -> a
    void d(android.content.Context) -> d
    int a(android.content.Context,boolean) -> a
    void trackBeginPage(android.content.Context,java.lang.String) -> trackBeginPage
    void trackEndPage(android.content.Context,java.lang.String) -> trackEndPage
    void startNewSession(android.content.Context) -> startNewSession
    void stopSession() -> stopSession
    void onResume(android.content.Context) -> onResume
    void setEnvAttributes(android.content.Context,java.util.Map) -> setEnvAttributes
    void reportQQ(android.content.Context,java.lang.String) -> reportQQ
    void reportGameUser(android.content.Context,com.tencent.stat.StatGameUser) -> reportGameUser
    boolean startStatService(android.content.Context,java.lang.String,java.lang.String) -> startStatService
    void onPause(android.content.Context) -> onPause
com.tencent.stat.a -> com.tencent.stat.a:
    com.tencent.stat.common.StatLogger a -> a
    com.tencent.stat.a b -> b
    boolean c -> c
    boolean d -> d
    boolean e -> e
    android.content.Context f -> f
    void <init>(android.content.Context) -> <init>
    com.tencent.stat.a a(android.content.Context) -> a
    boolean b(android.content.Context) -> b
    boolean c(android.content.Context) -> c
    boolean d(android.content.Context) -> d
    boolean a(java.lang.String,java.lang.String) -> a
    java.lang.String b(java.lang.String,java.lang.String) -> b
    boolean c(java.lang.String,java.lang.String) -> c
    java.lang.String d(java.lang.String,java.lang.String) -> d
    boolean e(java.lang.String,java.lang.String) -> e
    java.lang.String f(java.lang.String,java.lang.String) -> f
    void <clinit>() -> <clinit>
com.tencent.stat.a.a -> com.tencent.stat.a.a:
    java.util.Map a -> a
    void <init>(android.content.Context,int,java.util.Map) -> <init>
    com.tencent.stat.a.f a() -> a
    boolean a(org.json.JSONObject) -> a
com.tencent.stat.a.b -> com.tencent.stat.a.b:
    com.tencent.stat.a.c a -> a
    long l -> l
    void a(long) -> a
    void a(java.lang.String[]) -> a
    void a(java.util.Properties) -> a
    void <init>(android.content.Context,int,java.lang.String) -> <init>
    com.tencent.stat.a.f a() -> a
    boolean a(org.json.JSONObject) -> a