proguard/usage.txt
net.dx.etutor.BuildConfig
net.dx.etutor.Manifest
net.dx.etutor.Manifest$permission
net.dx.etutor.R:
    10:10:public R()
net.dx.etutor.R$anim
net.dx.etutor.R$attr
net.dx.etutor.R$bool
net.dx.etutor.R$color
net.dx.etutor.R$dimen
net.dx.etutor.R$drawable
net.dx.etutor.R$id
net.dx.etutor.R$integer
net.dx.etutor.R$layout
net.dx.etutor.R$menu
net.dx.etutor.R$string
net.dx.etutor.R$style
net.dx.etutor.R$styleable:
    public static final int ActionBar_background
    public static final int ActionBar_backgroundSplit
    public static final int ActionBar_backgroundStacked
    public static final int ActionBar_customNavigationLayout
    public static final int ActionBar_displayOptions
    public static final int ActionBar_divider
    public static final int ActionBar_height
    public static final int ActionBar_homeLayout
    public static final int ActionBar_icon
    public static final int ActionBar_indeterminateProgressStyle
    public static final int ActionBar_itemPadding
    public static final int ActionBar_logo
    public static final int ActionBar_navigationMode
    public static final int ActionBar_progressBarPadding
    public static final int ActionBar_progressBarStyle
    public static final int ActionBar_subtitle
    public static final int ActionBar_subtitleTextStyle
    public static final int ActionBar_title
    public static final int ActionBar_titleTextStyle
    public static final int ActionBarLayout_android_layout_gravity
    public static final int ActionBarWindow_windowActionBar
    public static final int ActionBarWindow_windowActionBarOverlay
    public static final int ActionBarWindow_windowFixedHeightMajor
    public static final int ActionBarWindow_windowFixedHeightMinor
    public static final int ActionBarWindow_windowFixedWidthMajor
    public static final int ActionBarWindow_windowFixedWidthMinor
net.dx.etutor.activity.ImageShowActivity:
    private static int w
    private static int h
net.dx.etutor.activity.MainFragmentActivity:
    private android.content.Intent mServiceIntent
    private java.util.List cardType
    408:408:public java.util.List getCardType()
    412:413:public void setCardType(java.util.List)
    416:416:public java.util.List getmCardList()
    420:421:public void setmCardList(java.util.List)
net.dx.etutor.activity.NavigateActivity:
    private android.widget.Button mStart
    private static final int MSG_SET_ALIAS
    private static final int MSG_SET_TAGS
    private long id
net.dx.etutor.activity.WelcomeActivity:
    public java.lang.String AppProvince
    public java.lang.String AppCity
    public java.lang.String AppRegion
    180:218:public void getUserAvatar()
    43:43:static synthetic java.lang.String access$8(net.dx.etutor.activity.WelcomeActivity)
net.dx.etutor.activity.WelcomeActivity$3
net.dx.etutor.activity.academy.LocationActivity:
    com.baidu.mapapi.model.LatLng llInfo
net.dx.etutor.activity.adapter.FirstPostsReplyAdapter:
    private java.lang.String userId
    345:379:private void addPraise(int)
    433:469:public void showPop(android.view.View,int,int,int,net.dx.etutor.model.DxForumReply)
    509:527:protected void onReply(int,net.dx.etutor.model.DxForumReply,int)
    530:546:public void clickImages(android.widget.ImageView[])
    78:78:static synthetic android.widget.RadioButton access$0(net.dx.etutor.activity.adapter.FirstPostsReplyAdapter)
    70:70:static synthetic android.widget.PopupWindow access$3(net.dx.etutor.activity.adapter.FirstPostsReplyAdapter)
net.dx.etutor.activity.adapter.FirstPostsReplyAdapter$3
net.dx.etutor.activity.adapter.FirstPostsReplyAdapter$4
net.dx.etutor.activity.adapter.FirstPostsReplyAdapter$5
net.dx.etutor.activity.adapter.FirstPostsReplyAdapter$6
net.dx.etutor.activity.adapter.FirstPostsReplyAdapter$7
...
u.aly.aw
u.aly.ax:
    private static final int l
    145:150:public ax(java.lang.String,java.lang.String,long)
    120:167:public ax(u.aly.ax)
    170:170:public u.aly.ax a()
    175:180:public void b()
    183:183:public java.lang.String c()
    192:193:public void d()
    197:197:public boolean e()
    207:207:public java.lang.String f()
    216:217:public void h()
    231:231:public java.lang.String j()
    240:241:public void k()
    245:245:public boolean l()
    255:255:public long m()
    265:266:public void n()
    278:278:public u.aly.ax$e a(int)
    341:345:private void a(java.io.ObjectOutputStream)
    350:355:private void a(java.io.ObjectInputStream)
    32:32:public synthetic u.aly.ch g()
    32:32:public synthetic u.aly.co b(int)
u.aly.ax$e:
    70:80:public static u.aly.ax$e a(int)
    89:91:public static u.aly.ax$e b(int)
    98:98:public static u.aly.ax$e a(java.lang.String)
u.aly.ay:
    private static final int j
    private static final int k
    138:144:public ay(java.lang.String,long,int)
    116:156:public ay(u.aly.ay)
    159:159:public u.aly.ay a()
    164:169:public void b()
    181:182:public void d()
    186:186:public boolean e()
    206:207:public void h()
    229:230:public void k()
    242:242:public u.aly.ay$e c(int)
    289:293:private void a(java.io.ObjectOutputStream)
    298:303:private void a(java.io.ObjectInputStream)
    32:32:public synthetic u.aly.ch g()
    32:32:public synthetic u.aly.co b(int)
u.aly.ay$e:
    67:75:public static u.aly.ay$e a(int)
    84:86:public static u.aly.ay$e b(int)
    93:93:public static u.aly.ay$e a(java.lang.String)
u.aly.az:
    137:139:public az(java.util.Map)
    114:170:public az(u.aly.az)
    173:173:public u.aly.az a()
    178:181:public void b()
    184:184:public int c()
    188:192:public void a(java.lang.String,u.aly.ay)
    204:205:public void e()
    209:209:public boolean f()
    219:219:public int h()
    223:223:public java.util.Iterator i()
    227:231:public void a(u.aly.ax)
    243:244:public void k()
    258:258:public java.lang.String m()
    262:263:public u.aly.az a(java.lang.String)
    267:268:public void n()
    282:282:public u.aly.az$e a(int)
    339:343:private void a(java.io.ObjectOutputStream)
    347:351:private void a(java.io.ObjectInputStream)
    32:32:public synthetic u.aly.ch g()
    32:32:public synthetic u.aly.co b(int)
u.aly.az$e:
    67:75:public static u.aly.az$e a(int)
    84:86:public static u.aly.az$e b(int)
    93:93:public static u.aly.az$e a(java.lang.String)
u.aly.b:
    private static final java.lang.String a
u.aly.ba:
    private static final int j
    139:144:public ba(java.util.Map,int,java.lang.String)
    115:170:public ba(u.aly.ba)
    173:173:public u.aly.ba a()
    178:182:public void b()
    185:185:public int c()
    189:193:public void a(java.lang.String,u.aly.bb)
    200:201:public u.aly.ba a(java.util.Map)
    205:206:public void e()
    230:231:public void i()
    252:253:public void l()
    257:257:public boolean m()
    267:267:public u.aly.ba$e c(int)
    320:324:private void a(java.io.ObjectOutputStream)
    329:334:private void a(java.io.ObjectInputStream)
    32:32:public synthetic u.aly.ch g()
    32:32:public synthetic u.aly.co b(int)
u.aly.ba$e:
    67:75:public static u.aly.ba$e a(int)
    84:86:public static u.aly.ba$e b(int)
    93:93:public static u.aly.ba$e a(java.lang.String)